<?xml version="1.0" encoding="UTF-8"?>
<!-- Generated by org.testng.reporters.JUnitReportReporter -->
<testsuite hostname="LAPTOP-G06LN27R" failures="0" tests="6" name="api.TestCases.DataDrivenTest" time="9.414" errors="0" timestamp="2023-01-24T00:29:52 AEDT" skipped="0">
  <testcase classname="api.TestCases.DataDrivenTest" name="testPostUser" time="2.440"/>
  <system-out/>
  <testcase classname="api.TestCases.DataDrivenTest" name="testPostUser" time="1.250"/>
  <system-out/>
  <testcase classname="api.TestCases.DataDrivenTest" name="testPostUser" time="1.922"/>
  <system-out/>
  <testcase classname="api.TestCases.DataDrivenTest" name="testDeleteUserByName" time="1.452"/>
  <system-out/>
  <testcase classname="api.TestCases.DataDrivenTest" name="testDeleteUserByName" time="1.171"/>
  <system-out/>
  <testcase classname="api.TestCases.DataDrivenTest" name="testDeleteUserByName" time="1.179"/>
  <system-out/>
</testsuite> <!-- api.TestCases.DataDrivenTest -->
