<?xml version="1.0" encoding="UTF-8"?>
<!-- Generated by org.testng.reporters.JUnitReportReporter -->
<testsuite hostname="LAPTOP-G06LN27R" failures="0" tests="4" name="api.TestCases.UserTests2" time="8.984" errors="0" timestamp="2023-01-24T02:05:54 AEDT" skipped="0">
  <testcase classname="api.TestCases.UserTests2" name="testPostUser" time="3.453"/>
  <system-out/>
  <testcase classname="api.TestCases.UserTests2" name="testGetUserByName" time="1.280"/>
  <system-out/>
  <testcase classname="api.TestCases.UserTests2" name="testUpdateByUser" time="2.821"/>
  <system-out/>
  <testcase classname="api.TestCases.UserTests2" name="testDeleteByUser" time="1.430"/>
  <system-out/>
</testsuite> <!-- api.TestCases.UserTests2 -->
