<?xml version="1.0" encoding="UTF-8"?>
<!-- Generated by org.testng.reporters.JUnitReportReporter -->
<testsuite hostname="LAPTOP-G06LN27R" failures="0" tests="4" name="api.TestCases.UserTests" time="9.019" errors="0" timestamp="2023-01-24T02:25:29 AEDT" skipped="0">
  <testcase classname="api.TestCases.UserTests" name="testPostUser" time="3.367"/>
  <system-out/>
  <testcase classname="api.TestCases.UserTests" name="testGetUserByName" time="1.388"/>
  <system-out/>
  <testcase classname="api.TestCases.UserTests" name="testUpdateByUser" time="2.617"/>
  <system-out/>
  <testcase classname="api.TestCases.UserTests" name="testDeleteByUser" time="1.647"/>
  <system-out/>
</testsuite> <!-- api.TestCases.UserTests -->
